  Determining projects to restore...
E:\GITHUB\WebTimDoiBongDa\backend\TimDoiBongDa.Application\TimDoiBongDa.Application.csproj : warning NU1903: Package 'AutoMapper' 13.0.1 has a known high severity vulnerability, https://github.com/advisories/GHSA-rvv3-g6hj-g44x [E:\GITHUB\WebTimDoiBongDa\backend\TimDoiBongDa.slnx]
E:\GITHUB\WebTimDoiBongDa\backend\TimDoiBongDa.Api\TimDoiBongDa.Api.csproj : warning NU1608: Detected package version outside of dependency constraint: AutoMapper.Extensions.Microsoft.DependencyInjection 12.0.1 requires AutoMapper (= 12.0.1) but version AutoMapper 16.1.1 was resolved. [E:\GITHUB\WebTimDoiBongDa\backend\TimDoiBongDa.slnx]
  All projects are up-to-date for restore.
E:\GITHUB\WebTimDoiBongDa\backend\TimDoiBongDa.Application\TimDoiBongDa.Application.csproj : warning NU1903: Package 'AutoMapper' 13.0.1 has a known high severity vulnerability, https://github.com/advisories/GHSA-rvv3-g6hj-g44x
  TimDoiBongDa.Domain -> E:\GITHUB\WebTimDoiBongDa\backend\TimDoiBongDa.Domain\bin\Debug\net8.0\TimDoiBongDa.Domain.dll
E:\GITHUB\WebTimDoiBongDa\backend\TimDoiBongDa.Api\TimDoiBongDa.Api.csproj : warning NU1608: Detected package version outside of dependency constraint: AutoMapper.Extensions.Microsoft.DependencyInjection 12.0.1 requires AutoMapper (= 12.0.1) but version AutoMapper 16.1.1 was resolved.
E:\GITHUB\WebTimDoiBongDa\backend\TimDoiBongDa.Application\Services\BaseServices.cs(8,7): warning CS0105: The using directive for 'TimDoiBongDa.Application.Interfaces' appeared previously in this namespace [E:\GITHUB\WebTimDoiBongDa\backend\TimDoiBongDa.Application\TimDoiBongDa.Application.csproj]
E:\GITHUB\WebTimDoiBongDa\backend\TimDoiBongDa.Application\Services\BaseServices.cs(113,24): warning CS8603: Possible null reference return. [E:\GITHUB\WebTimDoiBongDa\backend\TimDoiBongDa.Application\TimDoiBongDa.Application.csproj]
  TimDoiBongDa.Application -> E:\GITHUB\WebTimDoiBongDa\backend\TimDoiBongDa.Application\bin\Debug\net8.0\TimDoiBongDa.Application.dll
E:\GITHUB\WebTimDoiBongDa\backend\TimDoiBongDa.Infrastructure\Data\AppDbContext.cs(3,7): warning CS0105: The using directive for 'TimDoiBongDa.Domain.Entities' appeared previously in this namespace [E:\GITHUB\WebTimDoiBongDa\backend\TimDoiBongDa.Infrastructure\TimDoiBongDa.Infrastructure.csproj]
E:\GITHUB\WebTimDoiBongDa\backend\TimDoiBongDa.Infrastructure\Migrations\20260408145329_AddAttendanceFeature.Designer.cs(14,23): error CS0246: The type or namespace name 'AppDbContext' could not be found (are you missing a using directive or an assembly reference?) [E:\GITHUB\WebTimDoiBongDa\backend\TimDoiBongDa.Infrastructure\TimDoiBongDa.Infrastructure.csproj]
E:\GITHUB\WebTimDoiBongDa\backend\TimDoiBongDa.Infrastructure\Migrations\20260407064003_AddTeamRole.Designer.cs(14,23): error CS0246: The type or namespace name 'AppDbContext' could not be found (are you missing a using directive or an assembly reference?) [E:\GITHUB\WebTimDoiBongDa\backend\TimDoiBongDa.Infrastructure\TimDoiBongDa.Infrastructure.csproj]
E:\GITHUB\WebTimDoiBongDa\backend\TimDoiBongDa.Infrastructure\Migrations\20260406111712_InitialWithScores.Designer.cs(14,23): error CS0246: The type or namespace name 'AppDbContext' could not be found (are you missing a using directive or an assembly reference?) [E:\GITHUB\WebTimDoiBongDa\backend\TimDoiBongDa.Infrastructure\TimDoiBongDa.Infrastructure.csproj]
E:\GITHUB\WebTimDoiBongDa\backend\TimDoiBongDa.Infrastructure\Migrations\20260408151850_AddNotifications.Designer.cs(14,23): error CS0246: The type or namespace name 'AppDbContext' could not be found (are you missing a using directive or an assembly reference?) [E:\GITHUB\WebTimDoiBongDa\backend\TimDoiBongDa.Infrastructure\TimDoiBongDa.Infrastructure.csproj]
E:\GITHUB\WebTimDoiBongDa\backend\TimDoiBongDa.Infrastructure\Migrations\20260406091730_InitialCreate.Designer.cs(14,23): error CS0246: The type or namespace name 'AppDbContext' could not be found (are you missing a using directive or an assembly reference?) [E:\GITHUB\WebTimDoiBongDa\backend\TimDoiBongDa.Infrastructure\TimDoiBongDa.Infrastructure.csproj]
E:\GITHUB\WebTimDoiBongDa\backend\TimDoiBongDa.Infrastructure\Migrations\AppDbContextModelSnapshot.cs(13,23): error CS0246: The type or namespace name 'AppDbContext' could not be found (are you missing a using directive or an assembly reference?) [E:\GITHUB\WebTimDoiBongDa\backend\TimDoiBongDa.Infrastructure\TimDoiBongDa.Infrastructure.csproj]
E:\GITHUB\WebTimDoiBongDa\backend\TimDoiBongDa.Infrastructure\Migrations\20260408153732_AddChatFeature.Designer.cs(14,23): error CS0246: The type or namespace name 'AppDbContext' could not be found (are you missing a using directive or an assembly reference?) [E:\GITHUB\WebTimDoiBongDa\backend\TimDoiBongDa.Infrastructure\TimDoiBongDa.Infrastructure.csproj]

Build FAILED.

E:\GITHUB\WebTimDoiBongDa\backend\TimDoiBongDa.Application\TimDoiBongDa.Application.csproj : warning NU1903: Package 'AutoMapper' 13.0.1 has a known high severity vulnerability, https://github.com/advisories/GHSA-rvv3-g6hj-g44x [E:\GITHUB\WebTimDoiBongDa\backend\TimDoiBongDa.slnx]
E:\GITHUB\WebTimDoiBongDa\backend\TimDoiBongDa.Api\TimDoiBongDa.Api.csproj : warning NU1608: Detected package version outside of dependency constraint: AutoMapper.Extensions.Microsoft.DependencyInjection 12.0.1 requires AutoMapper (= 12.0.1) but version AutoMapper 16.1.1 was resolved. [E:\GITHUB\WebTimDoiBongDa\backend\TimDoiBongDa.slnx]
E:\GITHUB\WebTimDoiBongDa\backend\TimDoiBongDa.Application\TimDoiBongDa.Application.csproj : warning NU1903: Package 'AutoMapper' 13.0.1 has a known high severity vulnerability, https://github.com/advisories/GHSA-rvv3-g6hj-g44x
E:\GITHUB\WebTimDoiBongDa\backend\TimDoiBongDa.Api\TimDoiBongDa.Api.csproj : warning NU1608: Detected package version outside of dependency constraint: AutoMapper.Extensions.Microsoft.DependencyInjection 12.0.1 requires AutoMapper (= 12.0.1) but version AutoMapper 16.1.1 was resolved.
E:\GITHUB\WebTimDoiBongDa\backend\TimDoiBongDa.Application\Services\BaseServices.cs(8,7): warning CS0105: The using directive for 'TimDoiBongDa.Application.Interfaces' appeared previously in this namespace [E:\GITHUB\WebTimDoiBongDa\backend\TimDoiBongDa.Application\TimDoiBongDa.Application.csproj]
E:\GITHUB\WebTimDoiBongDa\backend\TimDoiBongDa.Application\Services\BaseServices.cs(113,24): warning CS8603: Possible null reference return. [E:\GITHUB\WebTimDoiBongDa\backend\TimDoiBongDa.Application\TimDoiBongDa.Application.csproj]
E:\GITHUB\WebTimDoiBongDa\backend\TimDoiBongDa.Infrastructure\Data\AppDbContext.cs(3,7): warning CS0105: The using directive for 'TimDoiBongDa.Domain.Entities' appeared previously in this namespace [E:\GITHUB\WebTimDoiBongDa\backend\TimDoiBongDa.Infrastructure\TimDoiBongDa.Infrastructure.csproj]
E:\GITHUB\WebTimDoiBongDa\backend\TimDoiBongDa.Infrastructure\Migrations\20260408145329_AddAttendanceFeature.Designer.cs(14,23): error CS0246: The type or namespace name 'AppDbContext' could not be found (are you missing a using directive or an assembly reference?) [E:\GITHUB\WebTimDoiBongDa\backend\TimDoiBongDa.Infrastructure\TimDoiBongDa.Infrastructure.csproj]
E:\GITHUB\WebTimDoiBongDa\backend\TimDoiBongDa.Infrastructure\Migrations\20260407064003_AddTeamRole.Designer.cs(14,23): error CS0246: The type or namespace name 'AppDbContext' could not be found (are you missing a using directive or an assembly reference?) [E:\GITHUB\WebTimDoiBongDa\backend\TimDoiBongDa.Infrastructure\TimDoiBongDa.Infrastructure.csproj]
E:\GITHUB\WebTimDoiBongDa\backend\TimDoiBongDa.Infrastructure\Migrations\20260406111712_InitialWithScores.Designer.cs(14,23): error CS0246: The type or namespace name 'AppDbContext' could not be found (are you missing a using directive or an assembly reference?) [E:\GITHUB\WebTimDoiBongDa\backend\TimDoiBongDa.Infrastructure\TimDoiBongDa.Infrastructure.csproj]
E:\GITHUB\WebTimDoiBongDa\backend\TimDoiBongDa.Infrastructure\Migrations\20260408151850_AddNotifications.Designer.cs(14,23): error CS0246: The type or namespace name 'AppDbContext' could not be found (are you missing a using directive or an assembly reference?) [E:\GITHUB\WebTimDoiBongDa\backend\TimDoiBongDa.Infrastructure\TimDoiBongDa.Infrastructure.csproj]
E:\GITHUB\WebTimDoiBongDa\backend\TimDoiBongDa.Infrastructure\Migrations\20260406091730_InitialCreate.Designer.cs(14,23): error CS0246: The type or namespace name 'AppDbContext' could not be found (are you missing a using directive or an assembly reference?) [E:\GITHUB\WebTimDoiBongDa\backend\TimDoiBongDa.Infrastructure\TimDoiBongDa.Infrastructure.csproj]
E:\GITHUB\WebTimDoiBongDa\backend\TimDoiBongDa.Infrastructure\Migrations\AppDbContextModelSnapshot.cs(13,23): error CS0246: The type or namespace name 'AppDbContext' could not be found (are you missing a using directive or an assembly reference?) [E:\GITHUB\WebTimDoiBongDa\backend\TimDoiBongDa.Infrastructure\TimDoiBongDa.Infrastructure.csproj]
E:\GITHUB\WebTimDoiBongDa\backend\TimDoiBongDa.Infrastructure\Migrations\20260408153732_AddChatFeature.Designer.cs(14,23): error CS0246: The type or namespace name 'AppDbContext' could not be found (are you missing a using directive or an assembly reference?) [E:\GITHUB\WebTimDoiBongDa\backend\TimDoiBongDa.Infrastructure\TimDoiBongDa.Infrastructure.csproj]
    7 Warning(s)
    7 Error(s)

Time Elapsed 00:00:06.76
